2026/01/03 17:06:44 Successfully migrate database
2026/01/03 17:06:44 successfully connected to mongoDB
2026/01/03 17:13:29 failed to validate request: Key: 'User.Username' Error:Field validation for 'Username' failed on the 'min' tag
2026/01/03 17:14:07 failed to find message: connection() error occurred during connection handshake: auth error: sasl conversation error: unable to authenticate using mechanism "SCRAM-SHA-1": (AuthenticationFailed) Authentication failed.
2026/01/03 17:14:23 failed to find message: connection() error occurred during connection handshake: auth error: sasl conversation error: unable to authenticate using mechanism "SCRAM-SHA-1": (AuthenticationFailed) Authentication failed.
2026/01/03 17:14:27 connection() error occurred during connection handshake: auth error: sasl conversation error: unable to authenticate using mechanism "SCRAM-SHA-1": (AuthenticationFailed) Authentication failed.
2026/01/03 17:14:36 connection() error occurred during connection handshake: auth error: sasl conversation error: unable to authenticate using mechanism "SCRAM-SHA-1": (AuthenticationFailed) Authentication failed.
2026/01/03 17:14:42 error payload:  websocket: close 1001 (going away)
2026/01/03 17:14:50 failed to find message: connection() error occurred during connection handshake: auth error: sasl conversation error: unable to authenticate using mechanism "SCRAM-SHA-1": (AuthenticationFailed) Authentication failed.
2026/01/03 17:14:57 connection() error occurred during connection handshake: auth error: sasl conversation error: unable to authenticate using mechanism "SCRAM-SHA-1": (AuthenticationFailed) Authentication failed.
2026/01/03 17:15:03 error payload:  websocket: close 1001 (going away)
2026/01/03 17:15:08 error payload:  websocket: close 1001 (going away)
2026/01/03 17:20:46 failed to find message: connection() error occurred during connection handshake: auth error: sasl conversation error: unable to authenticate using mechanism "SCRAM-SHA-1": (AuthenticationFailed) Authentication failed.
2026/01/03 17:21:37 Successfully migrate database
2026/01/03 17:21:37 successfully connected to mongoDB
2026/01/03 17:21:39 failed to find message: connection() error occurred during connection handshake: auth error: sasl conversation error: unable to authenticate using mechanism "SCRAM-SHA-1": (AuthenticationFailed) Authentication failed.
2026/01/03 17:22:02 Successfully migrate database
2026/01/03 17:22:02 successfully connected to mongoDB
2026/01/03 17:22:04 failed to find message: connection() error occurred during connection handshake: auth error: sasl conversation error: unable to authenticate using mechanism "SCRAM-SHA-1": (AuthenticationFailed) Authentication failed.
2026/01/03 17:22:52 Successfully migrate database
2026/01/03 17:22:52 successfully connected to mongoDB
2026/01/03 17:23:13 failed to find message: connection() error occurred during connection handshake: auth error: sasl conversation error: unable to authenticate using mechanism "SCRAM-SHA-1": (AuthenticationFailed) Authentication failed.
2026/01/03 17:23:14 failed to find message: connection() error occurred during connection handshake: auth error: sasl conversation error: unable to authenticate using mechanism "SCRAM-SHA-1": (AuthenticationFailed) Authentication failed.
2026/01/03 17:23:48 failed to find message: connection() error occurred during connection handshake: auth error: sasl conversation error: unable to authenticate using mechanism "SCRAM-SHA-1": (AuthenticationFailed) Authentication failed.
2026/01/03 17:23:53 connection() error occurred during connection handshake: auth error: sasl conversation error: unable to authenticate using mechanism "SCRAM-SHA-1": (AuthenticationFailed) Authentication failed.
2026/01/03 17:24:24 Successfully migrate database
2026/01/03 17:24:30 Successfully migrate database
2026/01/03 17:24:30 successfully connected to mongoDB
2026/01/03 17:25:12 Successfully migrate database
2026/01/03 17:25:12 successfully connected to mongoDB
2026/01/03 17:26:27 error payload:  websocket: close 1001 (going away)
2026/01/03 19:32:58 Successfully migrate database
2026/01/03 19:32:58 successfully connected to mongoDB
2026/01/03 19:55:57 failed to validate request: Key: 'User.Username' Error:Field validation for 'Username' failed on the 'min' tag
2026/01/03 20:53:24 Successfully migrate database
2026/01/03 20:53:24 successfully connected to mongoDB
2026/01/03 22:17:43 Successfully migrate database
2026/01/03 22:17:43 successfully connected to mongoDB
2026/01/03 22:17:43 failed to listen: listen tcp4 0.0.0.0:4000: bind: address already in use
2026/01/03 22:17:43 failed to listen: listen tcp4 0.0.0.0:8080: bind: address already in use
2026/01/03 22:18:05 Successfully migrate database
2026/01/03 22:18:05 successfully connected to mongoDB
2026/01/03 22:18:05 failed to listen: listen tcp4 0.0.0.0:4000: bind: address already in use
2026/01/03 22:18:26 Successfully migrate database
2026/01/03 22:18:26 successfully connected to mongoDB
2026/01/03 22:18:34 failed to get user session on DB:  record not found
2026/01/03 22:18:34 failed to get user session on DB:  record not found
2026/01/03 22:18:35 failed to get user session on DB:  record not found
2026/01/03 22:18:36 failed to get user session on DB:  record not found
2026/01/03 22:18:55 Successfully migrate database
2026/01/03 22:18:56 successfully connected to mongoDB
